2025-10-05T12:44:06.379+0700	[34mINFO[0m	engine/engine.go:407	Initialize database connections
2025-10-05T12:44:06.382+0700	[34mINFO[0m	engine/engine.go:407	Initialize configuration
2025-10-05T12:44:06.755+0700	[34mINFO[0m	engine/engine.go:407	Initialize navigation buttons
2025-10-05T12:44:06.755+0700	[34mINFO[0m	engine/engine.go:407	Initialize plugins
2025-10-05T12:44:06.756+0700	[34mINFO[0m	engine/engine.go:407	Initialize success🍺🍺
2025-10-05T12:44:21.437+0700	[34mINFO[0m	controller/handler.go:25	[GoAdmin] access log	{"traceID": "a9fe14be0872417596430614370001", "statuscode": "200", "method": "GET", "path": "/admin/login"}
2025-10-05T12:44:21.905+0700	[34mINFO[0m	controller/handler.go:25	[GoAdmin] access log	{"traceID": "a9fe14be0872417596430616420002", "statuscode": "200", "method": "GET", "path": "/admin/assets/login/dist/all.min.css"}
2025-10-05T12:44:21.907+0700	[34mINFO[0m	controller/handler.go:25	[GoAdmin] access log	{"traceID": "a9fe14be0872417596430616510003", "statuscode": "200", "method": "GET", "path": "/admin/assets/login/dist/all.min.js"}
2025-10-05T12:44:29.153+0700	[34mINFO[0m	controller/handler.go:25	[GoAdmin] access log	{"traceID": "a9fe14be0872417596430689230004", "statuscode": "200", "method": "POST", "path": "/admin/signin"}
2025-10-05T12:44:29.368+0700	[34mINFO[0m	controller/handler.go:25	[GoAdmin] access log	{"traceID": "a9fe14be0872417596430693670005", "statuscode": "200", "method": "GET", "path": "/admin/assets/dist/css/all.min.165468e1df.css"}
2025-10-05T12:44:29.370+0700	[34mINFO[0m	controller/handler.go:25	[GoAdmin] access log	{"traceID": "a9fe14be0872417596430693680006", "statuscode": "200", "method": "GET", "path": "/admin/assets/dist/js/all.min.506636f003.js"}
2025-10-05T12:44:29.370+0700	[34mINFO[0m	controller/handler.go:25	[GoAdmin] access log	{"traceID": "a9fe14be0872417596430693700007", "statuscode": "200", "method": "GET", "path": "/admin/assets/dist/js/tree.min.b68a8b6689.js"}
2025-10-05T12:44:29.371+0700	[34mINFO[0m	controller/handler.go:25	[GoAdmin] access log	{"traceID": "a9fe14be0872417596430693710008", "statuscode": "200", "method": "GET", "path": "/admin/assets/dist/img/avatar04.png"}
2025-10-05T12:44:29.819+0700	[34mINFO[0m	controller/handler.go:25	[GoAdmin] access log	{"traceID": "a9fe14be0872417596430698180009", "statuscode": "200", "method": "GET", "path": "/admin/assets/dist/js/treeview.min.3095cd8c12.js"}
2025-10-05T12:44:29.953+0700	[34mINFO[0m	controller/handler.go:25	[GoAdmin] access log	{"traceID": "a9fe14be0872417596430699530013", "statuscode": "200", "method": "GET", "path": "/admin/assets/dist/css/fonts/6xK3dSBYKcSV-LCoeQqfX1RYOo3qOK7g.ttf"}
2025-10-05T12:44:29.946+0700	[34mINFO[0m	controller/handler.go:25	[GoAdmin] access log	{"traceID": "a9fe14be0872417596430699450012", "statuscode": "200", "method": "GET", "path": "/admin/assets/dist/js/datatable.min.43c12443cf.js"}
2025-10-05T12:44:29.953+0700	[34mINFO[0m	controller/handler.go:25	[GoAdmin] access log	{"traceID": "a9fe14be0872417596430699430011", "statuscode": "200", "method": "GET", "path": "/admin/assets/dist/js/form.min.4022a41f70.js"}
2025-10-05T12:44:29.945+0700	[34mINFO[0m	controller/handler.go:25	[GoAdmin] access log	{"traceID": "a9fe14be0872417596430699150010", "statuscode": "200", "method": "GET", "path": "/admin/assets/chart.min.js"}
2025-10-05T12:44:29.953+0700	[34mINFO[0m	controller/handler.go:25	[GoAdmin] access log	{"traceID": "a9fe14be0872417596430699530014", "statuscode": "200", "method": "GET", "path": "/admin/assets/dist/js/all_2.min.1cd3070239.js"}
2025-10-05T12:44:29.954+0700	[34mINFO[0m	controller/handler.go:25	[GoAdmin] access log	{"traceID": "a9fe14be0872417596430699530015", "statuscode": "200", "method": "GET", "path": "/admin/assets/dist/fonts/fontawesome-webfont.woff2"}
2025-10-05T12:44:30.283+0700	[34mINFO[0m	controller/handler.go:25	[GoAdmin] access log	{"traceID": "a9fe14be0872417596430702830016", "statuscode": "200", "method": "GET", "path": "/admin/assets/dist/css/fonts/6xKydSBYKcSV-LCoeQqfX1RYOo3ig4vwlxdr.ttf"}
2025-10-05T12:44:30.284+0700	[34mINFO[0m	controller/handler.go:25	[GoAdmin] access log	{"traceID": "a9fe14be0872417596430702830017", "statuscode": "200", "method": "GET", "path": "/admin/assets/dist/fonts/ionicons.ttf"}
2025-10-05T12:44:30.284+0700	[34mINFO[0m	controller/handler.go:25	[GoAdmin] access log	{"traceID": "a9fe14be0872417596430702840018", "statuscode": "200", "method": "GET", "path": "/admin/assets/dist/css/fonts/6xKydSBYKcSV-LCoeQqfX1RYOo3ik4zwlxdr.ttf"}
2025-10-05T12:44:30.373+0700	[34mINFO[0m	controller/handler.go:25	[GoAdmin] access log	{"traceID": "a9fe14be0872417596430703730019", "statuscode": "200", "method": "GET", "path": "/admin/assets/dist/css/fonts/6xKydSBYKcSV-LCoeQqfX1RYOo3i54rwlxdr.ttf"}
2025-10-05T12:44:34.635+0700	[34mINFO[0m	controller/handler.go:25	[GoAdmin] access log	{"traceID": "a9fe14be0872417596430745940020", "statuscode": "200", "method": "GET", "path": "/admin/info/site/edit"}
2025-10-05T12:44:40.662+0700	[34mINFO[0m	controller/handler.go:25	[GoAdmin] access log	{"traceID": "a9fe14be0872417596430806170021", "statuscode": "200", "method": "GET", "path": "/admin/info/manager"}
2025-10-05T12:44:40.743+0700	[34mINFO[0m	controller/handler.go:25	[GoAdmin] access log	{"traceID": "a9fe14be0872417596430807430022", "statuscode": "200", "method": "GET", "path": "/admin/assets/dist/css/blue.png"}
2025-10-05T12:44:44.221+0700	[34mINFO[0m	controller/handler.go:25	[GoAdmin] access log	{"traceID": "a9fe14be0872417596430841720023", "statuscode": "200", "method": "GET", "path": "/admin/info/permission"}
2025-10-05T12:44:45.078+0700	[34mINFO[0m	controller/handler.go:25	[GoAdmin] access log	{"traceID": "a9fe14be0872417596430850410024", "statuscode": "200", "method": "GET", "path": "/admin/info/roles"}
2025-10-05T12:44:45.983+0700	[34mINFO[0m	controller/handler.go:25	[GoAdmin] access log	{"traceID": "a9fe14be0872417596430859480025", "statuscode": "200", "method": "GET", "path": "/admin/info/permission"}
2025-10-05T12:44:54.667+0700	[34mINFO[0m	controller/handler.go:25	[GoAdmin] access log	{"traceID": "a9fe14be0872417596430946260026", "statuscode": "200", "method": "GET", "path": "/admin/menu"}
2025-10-05T12:44:58.242+0700	[34mINFO[0m	controller/handler.go:25	[GoAdmin] access log	{"traceID": "a9fe14be0872417596430981800027", "statuscode": "200", "method": "GET", "path": "/admin/info/manager"}
2025-10-05T12:44:59.105+0700	[34mINFO[0m	controller/handler.go:25	[GoAdmin] access log	{"traceID": "a9fe14be0872417596430990500028", "statuscode": "200", "method": "GET", "path": "/admin/menu"}
2025-10-05T12:45:09.448+0700	[34mINFO[0m	controller/handler.go:25	[GoAdmin] access log	{"traceID": "a9fe14be0872417596431094080029", "statuscode": "200", "method": "GET", "path": "/admin/info/op"}
2025-10-05T12:45:14.231+0700	[34mINFO[0m	controller/handler.go:25	[GoAdmin] access log	{"traceID": "a9fe14be0872417596431141930030", "statuscode": "200", "method": "GET", "path": "/admin/info/manager"}
2025-10-05T12:45:17.070+0700	[34mINFO[0m	controller/handler.go:25	[GoAdmin] access log	{"traceID": "a9fe14be0872417596431170700031", "statuscode": "200", "method": "GET", "path": "/admin/assets/dist/js/tree.min.b68a8b6689.js"}
2025-10-05T12:45:17.120+0700	[34mINFO[0m	controller/handler.go:25	[GoAdmin] access log	{"traceID": "a9fe14be0872417596431171200032", "statuscode": "200", "method": "GET", "path": "/admin/assets/dist/js/treeview.min.3095cd8c12.js"}
2025-10-05T12:45:17.126+0700	[34mINFO[0m	controller/handler.go:25	[GoAdmin] access log	{"traceID": "a9fe14be0872417596431171260033", "statuscode": "200", "method": "GET", "path": "/admin/assets/dist/js/datatable.min.43c12443cf.js"}
2025-10-05T12:45:17.150+0700	[34mINFO[0m	controller/handler.go:25	[GoAdmin] access log	{"traceID": "a9fe14be0872417596431171480034", "statuscode": "200", "method": "GET", "path": "/admin/assets/dist/js/form.min.4022a41f70.js"}
2025-10-05T12:45:17.234+0700	[34mINFO[0m	controller/handler.go:25	[GoAdmin] access log	{"traceID": "a9fe14be0872417596431172250035", "statuscode": "200", "method": "GET", "path": "/admin/assets/chart.min.js"}
2025-10-05T12:45:18.483+0700	[34mINFO[0m	controller/handler.go:25	[GoAdmin] access log	{"traceID": "a9fe14be0872417596431184830036", "statuscode": "200", "method": "GET", "path": "/admin/assets/dist/js/tree.min.b68a8b6689.js"}
2025-10-05T12:45:18.543+0700	[34mINFO[0m	controller/handler.go:25	[GoAdmin] access log	{"traceID": "a9fe14be0872417596431185430037", "statuscode": "200", "method": "GET", "path": "/admin/assets/dist/js/treeview.min.3095cd8c12.js"}
2025-10-05T12:45:18.554+0700	[34mINFO[0m	controller/handler.go:25	[GoAdmin] access log	{"traceID": "a9fe14be0872417596431185540038", "statuscode": "200", "method": "GET", "path": "/admin/assets/dist/js/datatable.min.43c12443cf.js"}
2025-10-05T12:45:18.567+0700	[34mINFO[0m	controller/handler.go:25	[GoAdmin] access log	{"traceID": "a9fe14be0872417596431185640039", "statuscode": "200", "method": "GET", "path": "/admin/assets/dist/js/form.min.4022a41f70.js"}
2025-10-05T12:45:18.612+0700	[34mINFO[0m	controller/handler.go:25	[GoAdmin] access log	{"traceID": "a9fe14be0872417596431186100040", "statuscode": "200", "method": "GET", "path": "/admin/assets/chart.min.js"}
2025-10-05T12:45:19.802+0700	[34mINFO[0m	controller/handler.go:25	[GoAdmin] access log	{"traceID": "a9fe14be0872417596431198020041", "statuscode": "200", "method": "GET", "path": "/admin/assets/dist/js/tree.min.b68a8b6689.js"}
2025-10-05T12:45:19.860+0700	[34mINFO[0m	controller/handler.go:25	[GoAdmin] access log	{"traceID": "a9fe14be0872417596431198600042", "statuscode": "200", "method": "GET", "path": "/admin/assets/dist/js/treeview.min.3095cd8c12.js"}
2025-10-05T12:45:19.866+0700	[34mINFO[0m	controller/handler.go:25	[GoAdmin] access log	{"traceID": "a9fe14be0872417596431198650043", "statuscode": "200", "method": "GET", "path": "/admin/assets/dist/js/datatable.min.43c12443cf.js"}
2025-10-05T12:45:19.876+0700	[34mINFO[0m	controller/handler.go:25	[GoAdmin] access log	{"traceID": "a9fe14be0872417596431198740044", "statuscode": "200", "method": "GET", "path": "/admin/assets/dist/js/form.min.4022a41f70.js"}
2025-10-05T12:45:19.937+0700	[34mINFO[0m	controller/handler.go:25	[GoAdmin] access log	{"traceID": "a9fe14be0872417596431199350045", "statuscode": "200", "method": "GET", "path": "/admin/assets/chart.min.js"}
2025-10-05T12:45:21.707+0700	[34mINFO[0m	controller/handler.go:25	[GoAdmin] access log	{"traceID": "a9fe14be0872417596431217070046", "statuscode": "200", "method": "GET", "path": "/admin/assets/dist/js/tree.min.b68a8b6689.js"}
2025-10-05T12:45:21.758+0700	[34mINFO[0m	controller/handler.go:25	[GoAdmin] access log	{"traceID": "a9fe14be0872417596431217580047", "statuscode": "200", "method": "GET", "path": "/admin/assets/dist/js/treeview.min.3095cd8c12.js"}
2025-10-05T12:45:21.768+0700	[34mINFO[0m	controller/handler.go:25	[GoAdmin] access log	{"traceID": "a9fe14be0872417596431217670048", "statuscode": "200", "method": "GET", "path": "/admin/assets/dist/js/datatable.min.43c12443cf.js"}
2025-10-05T12:45:21.777+0700	[34mINFO[0m	controller/handler.go:25	[GoAdmin] access log	{"traceID": "a9fe14be0872417596431217750049", "statuscode": "200", "method": "GET", "path": "/admin/assets/dist/js/form.min.4022a41f70.js"}
2025-10-05T12:45:21.829+0700	[34mINFO[0m	controller/handler.go:25	[GoAdmin] access log	{"traceID": "a9fe14be0872417596431218270050", "statuscode": "200", "method": "GET", "path": "/admin/assets/chart.min.js"}
2025-10-05T12:45:23.404+0700	[34mINFO[0m	controller/handler.go:25	[GoAdmin] access log	{"traceID": "a9fe14be0872417596431234040051", "statuscode": "200", "method": "GET", "path": "/admin/assets/dist/js/tree.min.b68a8b6689.js"}
2025-10-05T12:45:23.468+0700	[34mINFO[0m	controller/handler.go:25	[GoAdmin] access log	{"traceID": "a9fe14be0872417596431234680052", "statuscode": "200", "method": "GET", "path": "/admin/assets/dist/js/treeview.min.3095cd8c12.js"}
2025-10-05T12:45:23.474+0700	[34mINFO[0m	controller/handler.go:25	[GoAdmin] access log	{"traceID": "a9fe14be0872417596431234740053", "statuscode": "200", "method": "GET", "path": "/admin/assets/dist/js/datatable.min.43c12443cf.js"}
2025-10-05T12:45:23.488+0700	[34mINFO[0m	controller/handler.go:25	[GoAdmin] access log	{"traceID": "a9fe14be0872417596431234850054", "statuscode": "200", "method": "GET", "path": "/admin/assets/dist/js/form.min.4022a41f70.js"}
2025-10-05T12:45:23.534+0700	[34mINFO[0m	controller/handler.go:25	[GoAdmin] access log	{"traceID": "a9fe14be0872417596431235320055", "statuscode": "200", "method": "GET", "path": "/admin/assets/chart.min.js"}
2025-10-05T12:45:44.657+0700	[34mINFO[0m	controller/handler.go:25	[GoAdmin] access log	{"traceID": "a9fe14be0872417596431446140056", "statuscode": "200", "method": "POST", "path": "/admin/edit/site"}
2025-10-05T12:45:50.522+0700	[34mINFO[0m	controller/handler.go:25	[GoAdmin] access log	{"traceID": "a9fe14be0872417596431504780057", "statuscode": "200", "method": "GET", "path": "/admin/info/site/edit"}
2025-10-05T12:45:51.690+0700	[34mINFO[0m	controller/handler.go:25	[GoAdmin] access log	{"traceID": "a9fe14be0872417596431515350058", "statuscode": "200", "method": "GET", "path": "/admin/info/generate/new"}
2025-10-05T12:45:54.192+0700	[34mINFO[0m	controller/handler.go:25	[GoAdmin] access log	{"traceID": "a9fe14be0872417596431541820059", "statuscode": "200", "method": "POST", "path": "/admin/operation/_tool_choose_conn"}
2025-10-05T12:46:15.232+0700	[34mINFO[0m	controller/handler.go:25	[GoAdmin] access log	{"traceID": "a9fe14be0872417596431752320060", "statuscode": "200", "method": "GET", "path": "/admin/assets/dist/js/tree.min.b68a8b6689.js"}
2025-10-05T12:46:15.274+0700	[34mINFO[0m	controller/handler.go:25	[GoAdmin] access log	{"traceID": "a9fe14be0872417596431752740061", "statuscode": "200", "method": "GET", "path": "/admin/assets/dist/js/treeview.min.3095cd8c12.js"}
2025-10-05T12:46:15.280+0700	[34mINFO[0m	controller/handler.go:25	[GoAdmin] access log	{"traceID": "a9fe14be0872417596431752800062", "statuscode": "200", "method": "GET", "path": "/admin/assets/dist/js/datatable.min.43c12443cf.js"}
2025-10-05T12:46:15.296+0700	[34mINFO[0m	controller/handler.go:25	[GoAdmin] access log	{"traceID": "a9fe14be0872417596431752930063", "statuscode": "200", "method": "GET", "path": "/admin/assets/dist/js/form.min.4022a41f70.js"}
2025-10-05T12:46:15.362+0700	[34mINFO[0m	controller/handler.go:25	[GoAdmin] access log	{"traceID": "a9fe14be0872417596431753610064", "statuscode": "200", "method": "GET", "path": "/admin/assets/chart.min.js"}
2025-10-05T12:46:16.354+0700	[34mINFO[0m	controller/handler.go:25	[GoAdmin] access log	{"traceID": "a9fe14be0872417596431763540065", "statuscode": "200", "method": "GET", "path": "/admin/assets/dist/js/tree.min.b68a8b6689.js"}
2025-10-05T12:46:16.409+0700	[34mINFO[0m	controller/handler.go:25	[GoAdmin] access log	{"traceID": "a9fe14be0872417596431764090066", "statuscode": "200", "method": "GET", "path": "/admin/assets/dist/js/treeview.min.3095cd8c12.js"}
2025-10-05T12:46:16.417+0700	[34mINFO[0m	controller/handler.go:25	[GoAdmin] access log	{"traceID": "a9fe14be0872417596431764160067", "statuscode": "200", "method": "GET", "path": "/admin/assets/dist/js/datatable.min.43c12443cf.js"}
2025-10-05T12:46:16.428+0700	[34mINFO[0m	controller/handler.go:25	[GoAdmin] access log	{"traceID": "a9fe14be0872417596431764250068", "statuscode": "200", "method": "GET", "path": "/admin/assets/dist/js/form.min.4022a41f70.js"}
2025-10-05T12:46:16.459+0700	[34mINFO[0m	controller/handler.go:25	[GoAdmin] access log	{"traceID": "a9fe14be0872417596431764580069", "statuscode": "200", "method": "GET", "path": "/admin/assets/chart.min.js"}
2025-10-05T12:46:19.736+0700	[34mINFO[0m	controller/handler.go:25	[GoAdmin] access log	{"traceID": "a9fe14be0872417596431797360070", "statuscode": "200", "method": "GET", "path": "/admin/assets/dist/js/tree.min.b68a8b6689.js"}
2025-10-05T12:46:19.799+0700	[34mINFO[0m	controller/handler.go:25	[GoAdmin] access log	{"traceID": "a9fe14be0872417596431797990071", "statuscode": "200", "method": "GET", "path": "/admin/assets/dist/js/treeview.min.3095cd8c12.js"}
2025-10-05T12:46:19.814+0700	[34mINFO[0m	controller/handler.go:25	[GoAdmin] access log	{"traceID": "a9fe14be0872417596431798130072", "statuscode": "200", "method": "GET", "path": "/admin/assets/dist/js/datatable.min.43c12443cf.js"}
2025-10-05T12:46:19.833+0700	[34mINFO[0m	controller/handler.go:25	[GoAdmin] access log	{"traceID": "a9fe14be0872417596431798220073", "statuscode": "200", "method": "GET", "path": "/admin/assets/dist/js/form.min.4022a41f70.js"}
2025-10-05T12:46:19.901+0700	[34mINFO[0m	controller/handler.go:25	[GoAdmin] access log	{"traceID": "a9fe14be0872417596431799000074", "statuscode": "200", "method": "GET", "path": "/admin/assets/chart.min.js"}
2025-10-05T12:46:21.401+0700	[34mINFO[0m	controller/handler.go:25	[GoAdmin] access log	{"traceID": "a9fe14be0872417596431814010075", "statuscode": "200", "method": "GET", "path": "/admin/assets/dist/js/tree.min.b68a8b6689.js"}
2025-10-05T12:46:21.464+0700	[34mINFO[0m	controller/handler.go:25	[GoAdmin] access log	{"traceID": "a9fe14be0872417596431814640076", "statuscode": "200", "method": "GET", "path": "/admin/assets/dist/js/treeview.min.3095cd8c12.js"}
2025-10-05T12:46:21.470+0700	[34mINFO[0m	controller/handler.go:25	[GoAdmin] access log	{"traceID": "a9fe14be0872417596431814690077", "statuscode": "200", "method": "GET", "path": "/admin/assets/dist/js/datatable.min.43c12443cf.js"}
2025-10-05T12:46:21.483+0700	[34mINFO[0m	controller/handler.go:25	[GoAdmin] access log	{"traceID": "a9fe14be0872417596431814800078", "statuscode": "200", "method": "GET", "path": "/admin/assets/dist/js/form.min.4022a41f70.js"}
2025-10-05T12:46:21.552+0700	[34mINFO[0m	controller/handler.go:25	[GoAdmin] access log	{"traceID": "a9fe14be0872417596431815500079", "statuscode": "200", "method": "GET", "path": "/admin/assets/chart.min.js"}
2025-10-05T12:46:27.059+0700	[34mINFO[0m	controller/handler.go:25	[GoAdmin] access log	{"traceID": "a9fe14be0872417596431869870080", "statuscode": "200", "method": "GET", "path": "/admin/info/generate/new"}
2025-10-05T12:46:29.293+0700	[34mINFO[0m	controller/handler.go:25	[GoAdmin] access log	{"traceID": "a9fe14be0872417596431892840081", "statuscode": "200", "method": "POST", "path": "/admin/operation/_tool_choose_conn"}
2025-10-05T12:46:41.841+0700	[34mINFO[0m	controller/handler.go:25	[GoAdmin] access log	{"traceID": "a9fe14be0872417596432018410082", "statuscode": "200", "method": "GET", "path": "/admin/assets/dist/js/tree.min.b68a8b6689.js"}
2025-10-05T12:46:41.889+0700	[34mINFO[0m	controller/handler.go:25	[GoAdmin] access log	{"traceID": "a9fe14be0872417596432018890083", "statuscode": "200", "method": "GET", "path": "/admin/assets/dist/js/treeview.min.3095cd8c12.js"}
2025-10-05T12:46:41.892+0700	[34mINFO[0m	controller/handler.go:25	[GoAdmin] access log	{"traceID": "a9fe14be0872417596432018920084", "statuscode": "200", "method": "GET", "path": "/admin/assets/dist/js/datatable.min.43c12443cf.js"}
2025-10-05T12:46:41.907+0700	[34mINFO[0m	controller/handler.go:25	[GoAdmin] access log	{"traceID": "a9fe14be0872417596432019040085", "statuscode": "200", "method": "GET", "path": "/admin/assets/dist/js/form.min.4022a41f70.js"}
2025-10-05T12:46:41.969+0700	[34mINFO[0m	controller/handler.go:25	[GoAdmin] access log	{"traceID": "a9fe14be0872417596432019580086", "statuscode": "200", "method": "GET", "path": "/admin/assets/chart.min.js"}
2025-10-05T12:46:42.749+0700	[34mINFO[0m	controller/handler.go:25	[GoAdmin] access log	{"traceID": "a9fe14be0872417596432027490087", "statuscode": "200", "method": "GET", "path": "/admin/assets/dist/js/tree.min.b68a8b6689.js"}
2025-10-05T12:46:42.832+0700	[34mINFO[0m	controller/handler.go:25	[GoAdmin] access log	{"traceID": "a9fe14be0872417596432028320088", "statuscode": "200", "method": "GET", "path": "/admin/assets/dist/js/treeview.min.3095cd8c12.js"}
2025-10-05T12:46:42.874+0700	[34mINFO[0m	controller/handler.go:25	[GoAdmin] access log	{"traceID": "a9fe14be0872417596432028740089", "statuscode": "200", "method": "GET", "path": "/admin/assets/dist/js/datatable.min.43c12443cf.js"}
2025-10-05T12:46:42.914+0700	[34mINFO[0m	controller/handler.go:25	[GoAdmin] access log	{"traceID": "a9fe14be0872417596432029080090", "statuscode": "200", "method": "GET", "path": "/admin/assets/dist/js/form.min.4022a41f70.js"}
2025-10-05T12:46:42.952+0700	[34mINFO[0m	controller/handler.go:25	[GoAdmin] access log	{"traceID": "a9fe14be0872417596432029510091", "statuscode": "200", "method": "GET", "path": "/admin/assets/chart.min.js"}
2025-10-05T12:46:44.035+0700	[34mINFO[0m	controller/handler.go:25	[GoAdmin] access log	{"traceID": "a9fe14be0872417596432040350092", "statuscode": "200", "method": "GET", "path": "/admin/assets/dist/js/tree.min.b68a8b6689.js"}
2025-10-05T12:46:44.085+0700	[34mINFO[0m	controller/handler.go:25	[GoAdmin] access log	{"traceID": "a9fe14be0872417596432040850093", "statuscode": "200", "method": "GET", "path": "/admin/assets/dist/js/treeview.min.3095cd8c12.js"}
2025-10-05T12:46:44.090+0700	[34mINFO[0m	controller/handler.go:25	[GoAdmin] access log	{"traceID": "a9fe14be0872417596432040900094", "statuscode": "200", "method": "GET", "path": "/admin/assets/dist/js/datatable.min.43c12443cf.js"}
2025-10-05T12:46:44.102+0700	[34mINFO[0m	controller/handler.go:25	[GoAdmin] access log	{"traceID": "a9fe14be0872417596432040980095", "statuscode": "200", "method": "GET", "path": "/admin/assets/dist/js/form.min.4022a41f70.js"}
2025-10-05T12:46:44.136+0700	[34mINFO[0m	controller/handler.go:25	[GoAdmin] access log	{"traceID": "a9fe14be0872417596432041320096", "statuscode": "200", "method": "GET", "path": "/admin/assets/chart.min.js"}
2025-10-05T12:47:05.754+0700	[34mINFO[0m	controller/handler.go:25	[GoAdmin] access log	{"traceID": "a9fe14be0872417596432257340097", "statuscode": "200", "method": "GET", "path": "/admin/application/info"}
2025-10-05T12:47:08.392+0700	[34mINFO[0m	controller/handler.go:25	[GoAdmin] access log	{"traceID": "a9fe14be0872417596432283790098", "statuscode": "200", "method": "GET", "path": "/admin/plugins"}
2025-10-05T12:47:08.463+0700	[34mINFO[0m	controller/handler.go:25	[GoAdmin] access log	{"traceID": "a9fe14be0872417596432284630099", "statuscode": "200", "method": "GET", "path": "/admin/assets/dist/img/plugin_default.png"}
2025-10-05T12:47:08.468+0700	[34mINFO[0m	controller/handler.go:25	[GoAdmin] access log	{"traceID": "a9fe14be0872417596432284680100", "statuscode": "200", "method": "GET", "path": "/admin/assets/dist/img/plugin_more.png"}
2025-10-05T12:47:11.687+0700	[34mINFO[0m	controller/handler.go:25	[GoAdmin] access log	{"traceID": "a9fe14be0872417596432316390101", "statuscode": "302", "method": "GET", "path": "/admin/logout"}
2025-10-05T12:47:11.700+0700	[34mINFO[0m	controller/handler.go:25	[GoAdmin] access log	{"traceID": "a9fe14be0872417596432316990102", "statuscode": "200", "method": "GET", "path": "/admin/login"}
2025-10-05T12:47:18.588+0700	[34mINFO[0m	controller/handler.go:25	[GoAdmin] access log	{"traceID": "a9fe14be0872417596432385880103", "statuscode": "400", "method": "POST", "path": "/admin/signin"}
2025-10-05T12:47:20.769+0700	[34mINFO[0m	controller/handler.go:25	[GoAdmin] access log	{"traceID": "a9fe14be0872417596432407690104", "statuscode": "400", "method": "POST", "path": "/admin/signin"}
2025-10-05T12:47:30.467+0700	[34mINFO[0m	controller/handler.go:25	[GoAdmin] access log	{"traceID": "a9fe14be0872417596432504660105", "statuscode": "400", "method": "POST", "path": "/admin/signin"}
2025-10-05T12:47:36.569+0700	[34mINFO[0m	controller/handler.go:25	[GoAdmin] access log	{"traceID": "a9fe14be0872417596432565690106", "statuscode": "400", "method": "POST", "path": "/admin/signin"}
2025-10-05T12:47:42.086+0700	[34mINFO[0m	controller/handler.go:25	[GoAdmin] access log	{"traceID": "a9fe14be0872417596432620860107", "statuscode": "400", "method": "POST", "path": "/admin/signin"}
2025-10-05T12:47:51.608+0700	[34mINFO[0m	controller/handler.go:25	[GoAdmin] access log	{"traceID": "a9fe14be0872417596432714460108", "statuscode": "200", "method": "POST", "path": "/admin/signin"}
2025-10-05T12:48:11.515+0700	[34mINFO[0m	controller/handler.go:25	[GoAdmin] access log	{"traceID": "a9fe14be0872417596432914360109", "statuscode": "200", "method": "GET", "path": "/admin/info/roles"}
2025-10-05T12:48:12.173+0700	[34mINFO[0m	controller/handler.go:25	[GoAdmin] access log	{"traceID": "a9fe14be0872417596432921400110", "statuscode": "200", "method": "GET", "path": "/admin/info/permission"}
2025-10-05T12:48:12.885+0700	[34mINFO[0m	controller/handler.go:25	[GoAdmin] access log	{"traceID": "a9fe14be0872417596432928160111", "statuscode": "200", "method": "GET", "path": "/admin/menu"}
2025-10-05T12:48:13.872+0700	[34mINFO[0m	controller/handler.go:25	[GoAdmin] access log	{"traceID": "a9fe14be0872417596432938450112", "statuscode": "200", "method": "GET", "path": "/admin/info/op"}
2025-10-05T12:48:17.976+0700	[34mINFO[0m	controller/handler.go:25	[GoAdmin] access log	{"traceID": "a9fe14be0872417596432979370113", "statuscode": "200", "method": "GET", "path": "/admin/menu"}
